<?xml version="1.0" encoding="UTF-8"?>
<!-- Generated by org.testng.reporters.JUnitXMLReporter -->
<testsuite ignored="3" hostname="LAPTOP-DOBLN3AU" failures="0" tests="3" name="POMframework" time="53.438" errors="0" timestamp="2023-10-10T12:19:13 IST">
  <testcase classname="com.ninja.qa.TestPages.TestRegisterPage" name="testregisterUser" time="11.182"/>
  <testcase classname="com.ninja.qa.TestPages.TestRegisterPage" name="testregisterUser" time="5.599"/>
  <testcase classname="com.ninja.qa.TestPages.TestProductPage" name="testproduct_addtocart" time="4.694"/>
  <testcase classname="com.ninja.qa.Base.TestBase" name="@BeforeSuite InitalizeExtentReport" time="0.0">
    <ignored/>
  </testcase> <!-- @BeforeSuite InitalizeExtentReport -->
  <testcase classname="com.ninja.qa.Base.TestBase" name="@AfterSuite generateReports" time="0.0">
    <ignored/>
  </testcase> <!-- @AfterSuite generateReports -->
  <testcase classname="com.ninja.qa.Base.TestBase" name="@BeforeTest getnameMethod" time="0.0">
    <ignored/>
  </testcase> <!-- @BeforeTest getnameMethod -->
</testsuite> <!-- POMframework -->
